Using pre-set license
Built from '2020.3/staging' branch; Version is '2020.3.10f1 (297d780c91bc) revision 2719096'; Using compiler version '192528614'; Build Type 'Release'
OS: 'Windows 10 Home; OS build 19043.1415; Version 2009; 64bit' Language: 'en' Physical Memory: 16247 MB
BatchMode: 1, IsHumanControllingUs: 0, StartBugReporterOnCrash: 0, Is64bit: 1, IsPro: 0

 COMMAND LINE ARGUMENTS:
C:\Program Files\Unity\Hub\Editor\2020.3.10f1\Editor\Unity.exe
-adb2
-batchMode
-noUpm
-name
AssetImportWorker0
-projectPath
D:/unity docs/Simple Samurai
-logFile
Logs/AssetImportWorker0.log
-srvPort
51837
Successfully changed project path to: D:/unity docs/Simple Samurai
D:/unity docs/Simple Samurai
Using Asset Import Pipeline V2.
Refreshing native plugins compatible for Editor in 33.34 ms, found 3 plugins.
Preloading 0 native plugins for Editor in 0.00 ms.
Initialize engine version: 2020.3.10f1 (297d780c91bc)
[Subsystems] Discovering subsystems at path C:/Program Files/Unity/Hub/Editor/2020.3.10f1/Editor/Data/Resources/UnitySubsystems
[Subsystems] Discovering subsystems at path D:/unity docs/Simple Samurai/Assets
GfxDevice: creating device client; threaded=0
Direct3D:
    Version:  Direct3D 11.0 [level 11.1]
    Renderer: NVIDIA GeForce GTX 1060 6GB (ID=0x1c03)
    Vendor:   
    VRAM:     6052 MB
    Driver:   30.0.14.9729
Initialize mono
Mono path[0] = 'C:/Program Files/Unity/Hub/Editor/2020.3.10f1/Editor/Data/Managed'
Mono path[1] = 'C:/Program Files/Unity/Hub/Editor/2020.3.10f1/Editor/Data/MonoBleedingEdge/lib/mono/unityjit'
Mono config path = 'C:/Program Files/Unity/Hub/Editor/2020.3.10f1/Editor/Data/MonoBleedingEdge/etc'
Using monoOptions --debugger-agent=transport=dt_socket,embedding=1,server=y,suspend=n,address=127.0.0.1:56192
Begin MonoManager ReloadAssembly
Registering precompiled unity dll's ...
Register platform support module: C:/Program Files/Unity/Hub/Editor/2020.3.10f1/Editor/Data/PlaybackEngines/WebGLSupport/UnityEditor.WebGL.Extensions.dll
Register platform support module: C:/Program Files/Unity/Hub/Editor/2020.3.10f1/Editor/Data/PlaybackEngines/WindowsStandaloneSupport/UnityEditor.WindowsStandalone.Extensions.dll
Registered in 0.002046 seconds.
Native extension for WindowsStandalone target not found
Native extension for WebGL target not found
Refreshing native plugins compatible for Editor in 32.41 ms, found 3 plugins.
Preloading 0 native plugins for Editor in 0.00 ms.
Mono: successfully reloaded assembly
- Completed reload, in  0.990 seconds
Platform modules already initialized, skipping
Registering precompiled user dll's ...
Registered in 0.002652 seconds.
Begin MonoManager ReloadAssembly
Native extension for WindowsStandalone target not found
Native extension for WebGL target not found
Refreshing native plugins compatible for Editor in 32.66 ms, found 3 plugins.
Preloading 0 native plugins for Editor in 0.00 ms.
Mono: successfully reloaded assembly
- Completed reload, in  0.932 seconds
Platform modules already initialized, skipping
========================================================================
Worker process is ready to serve import requests
Launched and connected shader compiler UnityShaderCompiler.exe after 0.04 seconds
Refreshing native plugins compatible for Editor in 0.38 ms, found 3 plugins.
Preloading 0 native plugins for Editor in 0.00 ms.
Unloading 2094 Unused Serialized files (Serialized files now loaded: 0)
System memory in use before: 112.7 MB.
System memory in use after: 112.7 MB.

Unloading 33 unused Assets to reduce memory usage. Loaded Objects now: 2550.
Total: 1.827000 ms (FindLiveObjects: 0.139100 ms CreateObjectMapping: 0.061700 ms MarkObjects: 1.516000 ms  DeleteObjects: 0.109500 ms)

========================================================================
Received Import Request.
  path: Assets/Scrripts/EnmWave.cs
  artifactKey: Guid(28d7abd935e3b4b4b9d4b219ac2aaf03) Importer(815301076,1909f56bfc062723c751e8b465ee728b)
Start importing Assets/Scrripts/EnmWave.cs using Guid(28d7abd935e3b4b4b9d4b219ac2aaf03) Importer(815301076,1909f56bfc062723c751e8b465ee728b)  -> (artifact id: 'ed85ea8fb8011237848ca3ee1790415c') in 0.067880 seconds
  Import took 0.070372 seconds .

========================================================================
Received Import Request.
  Time since last request: 77.416869 seconds.
  path: Assets/Scrripts/EnmWave.cs
  artifactKey: Guid(28d7abd935e3b4b4b9d4b219ac2aaf03) Importer(815301076,1909f56bfc062723c751e8b465ee728b)
Start importing Assets/Scrripts/EnmWave.cs using Guid(28d7abd935e3b4b4b9d4b219ac2aaf03) Importer(815301076,1909f56bfc062723c751e8b465ee728b)  -> (artifact id: 'ca5d7a70c388e0076c24f5d039fba3df') in 0.003214 seconds
  Import took 0.005913 seconds .

========================================================================
Received Import Request.
  Time since last request: 82.741060 seconds.
  path: Assets/Scrripts/EnmWave.cs
  artifactKey: Guid(28d7abd935e3b4b4b9d4b219ac2aaf03) Importer(815301076,1909f56bfc062723c751e8b465ee728b)
Start importing Assets/Scrripts/EnmWave.cs using Guid(28d7abd935e3b4b4b9d4b219ac2aaf03) Importer(815301076,1909f56bfc062723c751e8b465ee728b)  -> (artifact id: 'e4e5356d6ead8c983c28302019c02c02') in 0.003057 seconds
  Import took 0.005776 seconds .

========================================================================
Received Prepare
Registering precompiled user dll's ...
Registered in 0.002658 seconds.
Begin MonoManager ReloadAssembly
Native extension for WindowsStandalone target not found
Native extension for WebGL target not found
Refreshing native plugins compatible for Editor in 0.35 ms, found 3 plugins.
Preloading 0 native plugins for Editor in 0.00 ms.
Mono: successfully reloaded assembly
- Completed reload, in  0.817 seconds
Platform modules already initialized, skipping
Refreshing native plugins compatible for Editor in 0.39 ms, found 3 plugins.
Preloading 0 native plugins for Editor in 0.00 ms.
Unloading 2089 Unused Serialized files (Serialized files now loaded: 0)
System memory in use before: 112.7 MB.
System memory in use after: 112.7 MB.

Unloading 21 unused Assets to reduce memory usage. Loaded Objects now: 2554.
Total: 1.843100 ms (FindLiveObjects: 0.146900 ms CreateObjectMapping: 0.064500 ms MarkObjects: 1.537900 ms  DeleteObjects: 0.093100 ms)

========================================================================
Received Prepare
Registering precompiled user dll's ...
Registered in 0.002638 seconds.
Begin MonoManager ReloadAssembly
Native extension for WindowsStandalone target not found
Native extension for WebGL target not found
Refreshing native plugins compatible for Editor in 0.35 ms, found 3 plugins.
Preloading 0 native plugins for Editor in 0.00 ms.
Mono: successfully reloaded assembly
- Completed reload, in  0.804 seconds
Platform modules already initialized, skipping
Refreshing native plugins compatible for Editor in 0.36 ms, found 3 plugins.
Preloading 0 native plugins for Editor in 0.00 ms.
Unloading 2089 Unused Serialized files (Serialized files now loaded: 0)
System memory in use before: 112.7 MB.
System memory in use after: 112.7 MB.

Unloading 21 unused Assets to reduce memory usage. Loaded Objects now: 2558.
Total: 1.777000 ms (FindLiveObjects: 0.145200 ms CreateObjectMapping: 0.061800 ms MarkObjects: 1.475600 ms  DeleteObjects: 0.093700 ms)

========================================================================
Received Prepare
Registering precompiled user dll's ...
Registered in 0.002912 seconds.
Begin MonoManager ReloadAssembly
Native extension for WindowsStandalone target not found
Native extension for WebGL target not found
Refreshing native plugins compatible for Editor in 0.40 ms, found 3 plugins.
Preloading 0 native plugins for Editor in 0.00 ms.
Mono: successfully reloaded assembly
- Completed reload, in  0.919 seconds
Platform modules already initialized, skipping
Refreshing native plugins compatible for Editor in 0.37 ms, found 3 plugins.
Preloading 0 native plugins for Editor in 0.00 ms.
Unloading 2089 Unused Serialized files (Serialized files now loaded: 0)
System memory in use before: 112.8 MB.
System memory in use after: 112.8 MB.

Unloading 21 unused Assets to reduce memory usage. Loaded Objects now: 2562.
Total: 2.353000 ms (FindLiveObjects: 0.160300 ms CreateObjectMapping: 0.068900 ms MarkObjects: 2.012000 ms  DeleteObjects: 0.110700 ms)

========================================================================
Received Prepare
Registering precompiled user dll's ...
Registered in 0.003069 seconds.
Begin MonoManager ReloadAssembly
Native extension for WindowsStandalone target not found
Native extension for WebGL target not found
Refreshing native plugins compatible for Editor in 0.39 ms, found 3 plugins.
Preloading 0 native plugins for Editor in 0.00 ms.
Mono: successfully reloaded assembly
- Completed reload, in  0.917 seconds
Platform modules already initialized, skipping
Refreshing native plugins compatible for Editor in 0.43 ms, found 3 plugins.
Preloading 0 native plugins for Editor in 0.00 ms.
Unloading 2089 Unused Serialized files (Serialized files now loaded: 0)
System memory in use before: 112.8 MB.
System memory in use after: 112.8 MB.

Unloading 21 unused Assets to reduce memory usage. Loaded Objects now: 2566.
Total: 2.074200 ms (FindLiveObjects: 0.155100 ms CreateObjectMapping: 0.095600 ms MarkObjects: 1.687500 ms  DeleteObjects: 0.135100 ms)

========================================================================
Received Prepare
Registering precompiled user dll's ...
Registered in 0.002727 seconds.
Begin MonoManager ReloadAssembly
Native extension for WindowsStandalone target not found
Native extension for WebGL target not found
Refreshing native plugins compatible for Editor in 0.36 ms, found 3 plugins.
Preloading 0 native plugins for Editor in 0.00 ms.
Mono: successfully reloaded assembly
- Completed reload, in  0.792 seconds
Platform modules already initialized, skipping
Refreshing native plugins compatible for Editor in 0.39 ms, found 3 plugins.
Preloading 0 native plugins for Editor in 0.00 ms.
Unloading 2089 Unused Serialized files (Serialized files now loaded: 0)
System memory in use before: 112.8 MB.
System memory in use after: 112.8 MB.

Unloading 21 unused Assets to reduce memory usage. Loaded Objects now: 2570.
Total: 1.721800 ms (FindLiveObjects: 0.141300 ms CreateObjectMapping: 0.062100 ms MarkObjects: 1.425800 ms  DeleteObjects: 0.092000 ms)

========================================================================
Received Prepare
Registering precompiled user dll's ...
Registered in 0.002978 seconds.
Begin MonoManager ReloadAssembly
Native extension for WindowsStandalone target not found
Native extension for WebGL target not found
Refreshing native plugins compatible for Editor in 0.37 ms, found 3 plugins.
Preloading 0 native plugins for Editor in 0.00 ms.
Mono: successfully reloaded assembly
- Completed reload, in  0.901 seconds
Platform modules already initialized, skipping
Refreshing native plugins compatible for Editor in 0.39 ms, found 3 plugins.
Preloading 0 native plugins for Editor in 0.00 ms.
Unloading 2089 Unused Serialized files (Serialized files now loaded: 0)
System memory in use before: 112.8 MB.
System memory in use after: 112.8 MB.

Unloading 21 unused Assets to reduce memory usage. Loaded Objects now: 2574.
Total: 2.135700 ms (FindLiveObjects: 0.202600 ms CreateObjectMapping: 0.111700 ms MarkObjects: 1.716000 ms  DeleteObjects: 0.104400 ms)

========================================================================
Received Prepare
Registering precompiled user dll's ...
Registered in 0.002587 seconds.
Begin MonoManager ReloadAssembly
Native extension for WindowsStandalone target not found
Native extension for WebGL target not found
Refreshing native plugins compatible for Editor in 0.36 ms, found 3 plugins.
Preloading 0 native plugins for Editor in 0.00 ms.
Mono: successfully reloaded assembly
- Completed reload, in  0.809 seconds
Platform modules already initialized, skipping
Refreshing native plugins compatible for Editor in 0.38 ms, found 3 plugins.
Preloading 0 native plugins for Editor in 0.00 ms.
Unloading 2089 Unused Serialized files (Serialized files now loaded: 0)
System memory in use before: 112.8 MB.
System memory in use after: 112.8 MB.

Unloading 21 unused Assets to reduce memory usage. Loaded Objects now: 2578.
Total: 1.935300 ms (FindLiveObjects: 0.151300 ms CreateObjectMapping: 0.064700 ms MarkObjects: 1.583200 ms  DeleteObjects: 0.135400 ms)

========================================================================
Received Prepare
Registering precompiled user dll's ...
Registered in 0.003923 seconds.
Begin MonoManager ReloadAssembly
Native extension for WindowsStandalone target not found
Native extension for WebGL target not found
Refreshing native plugins compatible for Editor in 0.37 ms, found 3 plugins.
Preloading 0 native plugins for Editor in 0.00 ms.
Mono: successfully reloaded assembly
- Completed reload, in  0.913 seconds
Platform modules already initialized, skipping
Refreshing native plugins compatible for Editor in 0.37 ms, found 3 plugins.
Preloading 0 native plugins for Editor in 0.00 ms.
Unloading 2089 Unused Serialized files (Serialized files now loaded: 0)
System memory in use before: 112.8 MB.
System memory in use after: 112.8 MB.

Unloading 21 unused Assets to reduce memory usage. Loaded Objects now: 2582.
Total: 2.107800 ms (FindLiveObjects: 0.177600 ms CreateObjectMapping: 0.076000 ms MarkObjects: 1.752100 ms  DeleteObjects: 0.101300 ms)

========================================================================
Received Prepare
Registering precompiled user dll's ...
Registered in 0.002685 seconds.
Begin MonoManager ReloadAssembly
Native extension for WindowsStandalone target not found
Native extension for WebGL target not found
Refreshing native plugins compatible for Editor in 0.36 ms, found 3 plugins.
Preloading 0 native plugins for Editor in 0.00 ms.
Mono: successfully reloaded assembly
- Completed reload, in  0.790 seconds
Platform modules already initialized, skipping
Refreshing native plugins compatible for Editor in 0.39 ms, found 3 plugins.
Preloading 0 native plugins for Editor in 0.00 ms.
Unloading 2089 Unused Serialized files (Serialized files now loaded: 0)
System memory in use before: 112.8 MB.
System memory in use after: 112.8 MB.

Unloading 21 unused Assets to reduce memory usage. Loaded Objects now: 2586.
Total: 1.734300 ms (FindLiveObjects: 0.150000 ms CreateObjectMapping: 0.058600 ms MarkObjects: 1.422800 ms  DeleteObjects: 0.101700 ms)

========================================================================
Received Prepare
Registering precompiled user dll's ...
Registered in 0.002588 seconds.
Begin MonoManager ReloadAssembly
Native extension for WindowsStandalone target not found
Native extension for WebGL target not found
Refreshing native plugins compatible for Editor in 0.36 ms, found 3 plugins.
Preloading 0 native plugins for Editor in 0.00 ms.
Mono: successfully reloaded assembly
- Completed reload, in  0.781 seconds
Platform modules already initialized, skipping
Refreshing native plugins compatible for Editor in 0.36 ms, found 3 plugins.
Preloading 0 native plugins for Editor in 0.00 ms.
Unloading 2089 Unused Serialized files (Serialized files now loaded: 0)
System memory in use before: 112.8 MB.
System memory in use after: 112.8 MB.

Unloading 21 unused Assets to reduce memory usage. Loaded Objects now: 2590.
Total: 1.760500 ms (FindLiveObjects: 0.150800 ms CreateObjectMapping: 0.063800 ms MarkObjects: 1.453200 ms  DeleteObjects: 0.092000 ms)

========================================================================
Received Prepare
Registering precompiled user dll's ...
Registered in 0.002623 seconds.
Begin MonoManager ReloadAssembly
Native extension for WindowsStandalone target not found
Native extension for WebGL target not found
Refreshing native plugins compatible for Editor in 0.35 ms, found 3 plugins.
Preloading 0 native plugins for Editor in 0.00 ms.
Mono: successfully reloaded assembly
- Completed reload, in  0.790 seconds
Platform modules already initialized, skipping
Refreshing native plugins compatible for Editor in 0.35 ms, found 3 plugins.
Preloading 0 native plugins for Editor in 0.00 ms.
Unloading 2089 Unused Serialized files (Serialized files now loaded: 0)
System memory in use before: 113.0 MB.
System memory in use after: 113.0 MB.

Unloading 21 unused Assets to reduce memory usage. Loaded Objects now: 2594.
Total: 1.742800 ms (FindLiveObjects: 0.141200 ms CreateObjectMapping: 0.059200 ms MarkObjects: 1.443300 ms  DeleteObjects: 0.098500 ms)

========================================================================
Received Prepare
Registering precompiled user dll's ...
Registered in 0.003220 seconds.
Begin MonoManager ReloadAssembly
Native extension for WindowsStandalone target not found
Native extension for WebGL target not found
Refreshing native plugins compatible for Editor in 0.37 ms, found 3 plugins.
Preloading 0 native plugins for Editor in 0.00 ms.
Mono: successfully reloaded assembly
- Completed reload, in  0.933 seconds
Platform modules already initialized, skipping
Refreshing native plugins compatible for Editor in 0.47 ms, found 3 plugins.
Preloading 0 native plugins for Editor in 0.00 ms.
Unloading 2089 Unused Serialized files (Serialized files now loaded: 0)
System memory in use before: 113.0 MB.
System memory in use after: 113.0 MB.

Unloading 21 unused Assets to reduce memory usage. Loaded Objects now: 2598.
Total: 2.167600 ms (FindLiveObjects: 0.180700 ms CreateObjectMapping: 0.081700 ms MarkObjects: 1.803100 ms  DeleteObjects: 0.101100 ms)

========================================================================
Received Import Request.
  Time since last request: 122365.628972 seconds.
  path: Assets/Waves/Wave2.asset
  artifactKey: Guid(15f30f38d9d6c6d41a36787480ec93e1) Importer(815301076,1909f56bfc062723c751e8b465ee728b)
Start importing Assets/Waves/Wave2.asset using Guid(15f30f38d9d6c6d41a36787480ec93e1) Importer(815301076,1909f56bfc062723c751e8b465ee728b)  -> (artifact id: '2eeb919e0dacdddd3e8ee35f8e5ea33c') in 0.227345 seconds
  Import took 0.293592 seconds .

========================================================================
Received Import Request.
  Time since last request: 30.374779 seconds.
  path: Assets/Waves/wave3.asset
  artifactKey: Guid(e47e2a48ff7669a428e7de968cc26774) Importer(815301076,1909f56bfc062723c751e8b465ee728b)
Start importing Assets/Waves/wave3.asset using Guid(e47e2a48ff7669a428e7de968cc26774) Importer(815301076,1909f56bfc062723c751e8b465ee728b)  -> (artifact id: '1b8ca8f51f3a0461d66ef19dadde3f6f') in 0.046972 seconds
  Import took 0.060013 seconds .

========================================================================
Received Import Request.
  Time since last request: 35.707094 seconds.
  path: Assets/Waves/wave3.asset
  artifactKey: Guid(e47e2a48ff7669a428e7de968cc26774) Importer(815301076,1909f56bfc062723c751e8b465ee728b)
Start importing Assets/Waves/wave3.asset using Guid(e47e2a48ff7669a428e7de968cc26774) Importer(815301076,1909f56bfc062723c751e8b465ee728b)  -> (artifact id: '8f27a655926535daa828ee8c317e42f8') in 0.200453 seconds
  Import took 0.212684 seconds .

========================================================================
Received Import Request.
  Time since last request: 5.558738 seconds.
  path: Assets/Waves/Wave2.asset
  artifactKey: Guid(15f30f38d9d6c6d41a36787480ec93e1) Importer(815301076,1909f56bfc062723c751e8b465ee728b)
Start importing Assets/Waves/Wave2.asset using Guid(15f30f38d9d6c6d41a36787480ec93e1) Importer(815301076,1909f56bfc062723c751e8b465ee728b)  -> (artifact id: '951c87e89f8cdd3daa1c24f19e963e8d') in 0.003043 seconds
  Import took 0.021784 seconds .

========================================================================
Received Prepare
Registering precompiled user dll's ...
Registered in 0.122999 seconds.
Begin MonoManager ReloadAssembly
Native extension for WindowsStandalone target not found
Native extension for WebGL target not found
Refreshing native plugins compatible for Editor in 0.38 ms, found 3 plugins.
Preloading 0 native plugins for Editor in 0.00 ms.
Mono: successfully reloaded assembly
- Completed reload, in  0.962 seconds
Platform modules already initialized, skipping
Refreshing native plugins compatible for Editor in 0.37 ms, found 3 plugins.
Preloading 0 native plugins for Editor in 0.00 ms.
Unloading 2089 Unused Serialized files (Serialized files now loaded: 0)
System memory in use before: 113.0 MB.
System memory in use after: 113.0 MB.

Unloading 21 unused Assets to reduce memory usage. Loaded Objects now: 2602.
Total: 2.027900 ms (FindLiveObjects: 0.178600 ms CreateObjectMapping: 0.075700 ms MarkObjects: 1.670200 ms  DeleteObjects: 0.102500 ms)

========================================================================
Received Import Request.
  Time since last request: 244.122040 seconds.
  path: Assets/Scrripts/enmy.cs
  artifactKey: Guid(1232e913f8189a14289c30abf8d2c3aa) Importer(815301076,1909f56bfc062723c751e8b465ee728b)
Start importing Assets/Scrripts/enmy.cs using Guid(1232e913f8189a14289c30abf8d2c3aa) Importer(815301076,1909f56bfc062723c751e8b465ee728b)  -> (artifact id: 'ae967d6ef6f4dddf28f4afd3d06adbe2') in 0.006616 seconds
  Import took 0.021379 seconds .

========================================================================
Received Prepare
Registering precompiled user dll's ...
Registered in 0.002839 seconds.
Begin MonoManager ReloadAssembly
Native extension for WindowsStandalone target not found
Native extension for WebGL target not found
Refreshing native plugins compatible for Editor in 0.36 ms, found 3 plugins.
Preloading 0 native plugins for Editor in 0.00 ms.
Mono: successfully reloaded assembly
- Completed reload, in  0.805 seconds
Platform modules already initialized, skipping
Refreshing native plugins compatible for Editor in 0.40 ms, found 3 plugins.
Preloading 0 native plugins for Editor in 0.00 ms.
Unloading 2089 Unused Serialized files (Serialized files now loaded: 0)
System memory in use before: 113.0 MB.
System memory in use after: 113.0 MB.

Unloading 21 unused Assets to reduce memory usage. Loaded Objects now: 2606.
Total: 1.795600 ms (FindLiveObjects: 0.139900 ms CreateObjectMapping: 0.054100 ms MarkObjects: 1.505100 ms  DeleteObjects: 0.095800 ms)

========================================================================
Received Import Request.
  Time since last request: 38.960822 seconds.
  path: Assets/Scrripts/enmy.cs
  artifactKey: Guid(1232e913f8189a14289c30abf8d2c3aa) Importer(815301076,1909f56bfc062723c751e8b465ee728b)
Start importing Assets/Scrripts/enmy.cs using Guid(1232e913f8189a14289c30abf8d2c3aa) Importer(815301076,1909f56bfc062723c751e8b465ee728b)  -> (artifact id: '4d4760d32525107ac124d706244dba5c') in 0.007098 seconds
  Import took 0.020982 seconds .

========================================================================
Received Import Request.
  Time since last request: 2.701701 seconds.
  path: Assets/Prefab/basic enmy.prefab
  artifactKey: Guid(64fbb761fd488f14c84761da04193544) Importer(815301076,1909f56bfc062723c751e8b465ee728b)
Start importing Assets/Prefab/basic enmy.prefab using Guid(64fbb761fd488f14c84761da04193544) Importer(815301076,1909f56bfc062723c751e8b465ee728b)  -> (artifact id: '959e2e62673126a9450247bf61c3bb99') in 0.212281 seconds
  Import took 0.215427 seconds .

========================================================================
Received Import Request.
  Time since last request: 0.000223 seconds.
  path: Assets/Prefab/big boi.prefab
  artifactKey: Guid(9a031a0b98b796043b6c0a57c752e92f) Importer(815301076,1909f56bfc062723c751e8b465ee728b)
Start importing Assets/Prefab/big boi.prefab using Guid(9a031a0b98b796043b6c0a57c752e92f) Importer(815301076,1909f56bfc062723c751e8b465ee728b)  -> (artifact id: 'a237d59c312b981f3cb465c7d4d57d08') in 0.115839 seconds
  Import took 0.127798 seconds .

========================================================================
Received Import Request.
  Time since last request: 0.000220 seconds.
  path: Assets/Prefab/quick strike enmy.prefab
  artifactKey: Guid(11c699d3654ce8c4faca4fe1f7577210) Importer(815301076,1909f56bfc062723c751e8b465ee728b)
Start importing Assets/Prefab/quick strike enmy.prefab using Guid(11c699d3654ce8c4faca4fe1f7577210) Importer(815301076,1909f56bfc062723c751e8b465ee728b)  -> (artifact id: 'd1f3cd06703b71b1ff749cf55734bec0') in 0.080611 seconds
  Import took 0.083163 seconds .

========================================================================
Received Import Request.
  Time since last request: 19.622366 seconds.
  path: Assets/Prefab/quick strike enmy.prefab
  artifactKey: Guid(11c699d3654ce8c4faca4fe1f7577210) Importer(815301076,1909f56bfc062723c751e8b465ee728b)
Start importing Assets/Prefab/quick strike enmy.prefab using Guid(11c699d3654ce8c4faca4fe1f7577210) Importer(815301076,1909f56bfc062723c751e8b465ee728b)  -> (artifact id: '86c489f6ed65f9292839beaee802f65e') in 0.009716 seconds
  Import took 0.021837 seconds .

========================================================================
Received Import Request.
  Time since last request: 5.621746 seconds.
  path: Assets/Prefab/big boi.prefab
  artifactKey: Guid(9a031a0b98b796043b6c0a57c752e92f) Importer(815301076,1909f56bfc062723c751e8b465ee728b)
Start importing Assets/Prefab/big boi.prefab using Guid(9a031a0b98b796043b6c0a57c752e92f) Importer(815301076,1909f56bfc062723c751e8b465ee728b)  -> (artifact id: '859bc585e9b831af9982a12b5c543377') in 0.031547 seconds
  Import took 0.056551 seconds .

========================================================================
Received Prepare
Registering precompiled user dll's ...
Registered in 0.002667 seconds.
Begin MonoManager ReloadAssembly
Native extension for WindowsStandalone target not found
Native extension for WebGL target not found
Refreshing native plugins compatible for Editor in 0.37 ms, found 3 plugins.
Preloading 0 native plugins for Editor in 0.00 ms.
Mono: successfully reloaded assembly
- Completed reload, in  0.801 seconds
Platform modules already initialized, skipping
Refreshing native plugins compatible for Editor in 0.40 ms, found 3 plugins.
Preloading 0 native plugins for Editor in 0.00 ms.
Unloading 2089 Unused Serialized files (Serialized files now loaded: 0)
System memory in use before: 116.0 MB.
System memory in use after: 116.0 MB.

Unloading 21 unused Assets to reduce memory usage. Loaded Objects now: 2617.
Total: 1.829000 ms (FindLiveObjects: 0.142100 ms CreateObjectMapping: 0.059600 ms MarkObjects: 1.535300 ms  DeleteObjects: 0.091300 ms)

========================================================================
Received Prepare
Registering precompiled user dll's ...
Registered in 0.003224 seconds.
Begin MonoManager ReloadAssembly
Native extension for WindowsStandalone target not found
Native extension for WebGL target not found
Refreshing native plugins compatible for Editor in 0.45 ms, found 3 plugins.
Preloading 0 native plugins for Editor in 0.00 ms.
Mono: successfully reloaded assembly
- Completed reload, in  0.908 seconds
Platform modules already initialized, skipping
Refreshing native plugins compatible for Editor in 0.37 ms, found 3 plugins.
Preloading 0 native plugins for Editor in 0.00 ms.
Unloading 2089 Unused Serialized files (Serialized files now loaded: 0)
System memory in use before: 116.1 MB.
System memory in use after: 116.0 MB.

Unloading 21 unused Assets to reduce memory usage. Loaded Objects now: 2621.
Total: 2.227600 ms (FindLiveObjects: 0.182600 ms CreateObjectMapping: 0.098700 ms MarkObjects: 1.839500 ms  DeleteObjects: 0.105500 ms)

========================================================================
Received Prepare
Registering precompiled user dll's ...
Registered in 0.002557 seconds.
Begin MonoManager ReloadAssembly
Native extension for WindowsStandalone target not found
Native extension for WebGL target not found
Refreshing native plugins compatible for Editor in 0.36 ms, found 3 plugins.
Preloading 0 native plugins for Editor in 0.00 ms.
Mono: successfully reloaded assembly
- Completed reload, in  0.799 seconds
Platform modules already initialized, skipping
Refreshing native plugins compatible for Editor in 0.38 ms, found 3 plugins.
Preloading 0 native plugins for Editor in 0.00 ms.
Unloading 2089 Unused Serialized files (Serialized files now loaded: 0)
System memory in use before: 116.1 MB.
System memory in use after: 116.1 MB.

Unloading 21 unused Assets to reduce memory usage. Loaded Objects now: 2625.
Total: 1.890500 ms (FindLiveObjects: 0.159300 ms CreateObjectMapping: 0.065400 ms MarkObjects: 1.566200 ms  DeleteObjects: 0.098900 ms)

========================================================================
Received Prepare
Registering precompiled user dll's ...
Registered in 0.002708 seconds.
Begin MonoManager ReloadAssembly
Native extension for WindowsStandalone target not found
Native extension for WebGL target not found
Refreshing native plugins compatible for Editor in 0.37 ms, found 3 plugins.
Preloading 0 native plugins for Editor in 0.00 ms.
Mono: successfully reloaded assembly
- Completed reload, in  0.819 seconds
Platform modules already initialized, skipping
Refreshing native plugins compatible for Editor in 0.42 ms, found 3 plugins.
Preloading 0 native plugins for Editor in 0.00 ms.
Unloading 2089 Unused Serialized files (Serialized files now loaded: 0)
System memory in use before: 116.1 MB.
System memory in use after: 116.1 MB.

Unloading 21 unused Assets to reduce memory usage. Loaded Objects now: 2629.
Total: 1.883000 ms (FindLiveObjects: 0.141400 ms CreateObjectMapping: 0.056600 ms MarkObjects: 1.582100 ms  DeleteObjects: 0.102100 ms)

========================================================================
Received Import Request.
  Time since last request: 587.455206 seconds.
  path: Assets/Prefab/big boi.prefab
  artifactKey: Guid(9a031a0b98b796043b6c0a57c752e92f) Importer(815301076,1909f56bfc062723c751e8b465ee728b)
Start importing Assets/Prefab/big boi.prefab using Guid(9a031a0b98b796043b6c0a57c752e92f) Importer(815301076,1909f56bfc062723c751e8b465ee728b)  -> (artifact id: 'f52d0ba8238b0746f009a0e89cad59ed') in 0.043896 seconds
  Import took 0.047005 seconds .

========================================================================
Received Prepare
Registering precompiled user dll's ...
Registered in 0.002642 seconds.
Begin MonoManager ReloadAssembly
Native extension for WindowsStandalone target not found
Native extension for WebGL target not found
Refreshing native plugins compatible for Editor in 0.35 ms, found 3 plugins.
Preloading 0 native plugins for Editor in 0.00 ms.
Mono: successfully reloaded assembly
- Completed reload, in  0.793 seconds
Platform modules already initialized, skipping
Refreshing native plugins compatible for Editor in 0.37 ms, found 3 plugins.
Preloading 0 native plugins for Editor in 0.00 ms.
Unloading 2089 Unused Serialized files (Serialized files now loaded: 0)
System memory in use before: 116.1 MB.
System memory in use after: 116.1 MB.

Unloading 21 unused Assets to reduce memory usage. Loaded Objects now: 2634.
Total: 2.047500 ms (FindLiveObjects: 0.153200 ms CreateObjectMapping: 0.059700 ms MarkObjects: 1.730100 ms  DeleteObjects: 0.103600 ms)

========================================================================
Received Import Request.
  Time since last request: 303.558150 seconds.
  path: Assets/Prefab/basic enmy.prefab
  artifactKey: Guid(64fbb761fd488f14c84761da04193544) Importer(815301076,1909f56bfc062723c751e8b465ee728b)
Start importing Assets/Prefab/basic enmy.prefab using Guid(64fbb761fd488f14c84761da04193544) Importer(815301076,1909f56bfc062723c751e8b465ee728b)  -> (artifact id: '7acee1578ee6d5b5518f74dfa5ee9e30') in 0.042477 seconds
  Import took 0.051129 seconds .

========================================================================
Received Import Request.
  Time since last request: 0.000189 seconds.
  path: Assets/Prefab/quick strike enmy.prefab
  artifactKey: Guid(11c699d3654ce8c4faca4fe1f7577210) Importer(815301076,1909f56bfc062723c751e8b465ee728b)
Start importing Assets/Prefab/quick strike enmy.prefab using Guid(11c699d3654ce8c4faca4fe1f7577210) Importer(815301076,1909f56bfc062723c751e8b465ee728b)  -> (artifact id: '5007b31e5dfbd56a4c38ee194c0f1f50') in 0.007965 seconds
  Import took 0.010959 seconds .

========================================================================
Received Import Request.
  Time since last request: 39.250812 seconds.
  path: Assets/Scrripts/StrikePoint.cs
  artifactKey: Guid(ee48f35df89a5fa4890f62bbdcf17ea6) Importer(815301076,1909f56bfc062723c751e8b465ee728b)
Start importing Assets/Scrripts/StrikePoint.cs using Guid(ee48f35df89a5fa4890f62bbdcf17ea6) Importer(815301076,1909f56bfc062723c751e8b465ee728b)  -> (artifact id: '3c063dff144b5cca227d0818435df227') in 0.005564 seconds
  Import took 0.024079 seconds .

========================================================================
Received Import Request.
  Time since last request: 20.547383 seconds.
  path: Assets/Scrripts/StrikeArea.cs
  artifactKey: Guid(629ef25495c664946addfcf0c8792258) Importer(815301076,1909f56bfc062723c751e8b465ee728b)
Start importing Assets/Scrripts/StrikeArea.cs using Guid(629ef25495c664946addfcf0c8792258) Importer(815301076,1909f56bfc062723c751e8b465ee728b)  -> (artifact id: '073da2de666084a5728e307aa3eae513') in 0.004889 seconds
  Import took 0.022887 seconds .

========================================================================
Received Prepare
Registering precompiled user dll's ...
Registered in 0.002563 seconds.
Begin MonoManager ReloadAssembly
Native extension for WindowsStandalone target not found
Native extension for WebGL target not found
Refreshing native plugins compatible for Editor in 0.36 ms, found 3 plugins.
Preloading 0 native plugins for Editor in 0.00 ms.
Mono: successfully reloaded assembly
- Completed reload, in  0.797 seconds
Platform modules already initialized, skipping
Refreshing native plugins compatible for Editor in 0.37 ms, found 3 plugins.
Preloading 0 native plugins for Editor in 0.00 ms.
Unloading 2089 Unused Serialized files (Serialized files now loaded: 0)
System memory in use before: 116.1 MB.
System memory in use after: 116.1 MB.

Unloading 21 unused Assets to reduce memory usage. Loaded Objects now: 2639.
Total: 1.986100 ms (FindLiveObjects: 0.155000 ms CreateObjectMapping: 0.061300 ms MarkObjects: 1.668300 ms  DeleteObjects: 0.100800 ms)

========================================================================
Received Prepare
Registering precompiled user dll's ...
Registered in 0.002707 seconds.
Begin MonoManager ReloadAssembly
Native extension for WindowsStandalone target not found
Native extension for WebGL target not found
Refreshing native plugins compatible for Editor in 0.36 ms, found 3 plugins.
Preloading 0 native plugins for Editor in 0.00 ms.
Mono: successfully reloaded assembly
- Completed reload, in  0.804 seconds
Platform modules already initialized, skipping
Refreshing native plugins compatible for Editor in 0.39 ms, found 3 plugins.
Preloading 0 native plugins for Editor in 0.00 ms.
Unloading 2089 Unused Serialized files (Serialized files now loaded: 0)
System memory in use before: 116.1 MB.
System memory in use after: 116.1 MB.

Unloading 21 unused Assets to reduce memory usage. Loaded Objects now: 2643.
Total: 1.816600 ms (FindLiveObjects: 0.144800 ms CreateObjectMapping: 0.057500 ms MarkObjects: 1.512800 ms  DeleteObjects: 0.100900 ms)

========================================================================
Received Prepare
Registering precompiled user dll's ...
Registered in 0.003449 seconds.
Begin MonoManager ReloadAssembly
Native extension for WindowsStandalone target not found
Native extension for WebGL target not found
Refreshing native plugins compatible for Editor in 0.42 ms, found 3 plugins.
Preloading 0 native plugins for Editor in 0.00 ms.
Mono: successfully reloaded assembly
- Completed reload, in  0.945 seconds
Platform modules already initialized, skipping
Refreshing native plugins compatible for Editor in 0.39 ms, found 3 plugins.
Preloading 0 native plugins for Editor in 0.00 ms.
Unloading 2089 Unused Serialized files (Serialized files now loaded: 0)
System memory in use before: 116.1 MB.
System memory in use after: 116.1 MB.

Unloading 21 unused Assets to reduce memory usage. Loaded Objects now: 2647.
Total: 2.199600 ms (FindLiveObjects: 0.216600 ms CreateObjectMapping: 0.087500 ms MarkObjects: 1.776400 ms  DeleteObjects: 0.118200 ms)

========================================================================
Received Prepare
Registering precompiled user dll's ...
Registered in 0.002605 seconds.
Begin MonoManager ReloadAssembly
Native extension for WindowsStandalone target not found
Native extension for WebGL target not found
Refreshing native plugins compatible for Editor in 0.37 ms, found 3 plugins.
Preloading 0 native plugins for Editor in 0.00 ms.
Mono: successfully reloaded assembly
- Completed reload, in  0.795 seconds
Platform modules already initialized, skipping
Refreshing native plugins compatible for Editor in 0.39 ms, found 3 plugins.
Preloading 0 native plugins for Editor in 0.00 ms.
Unloading 2089 Unused Serialized files (Serialized files now loaded: 0)
System memory in use before: 116.1 MB.
System memory in use after: 116.1 MB.

Unloading 21 unused Assets to reduce memory usage. Loaded Objects now: 2651.
Total: 1.870700 ms (FindLiveObjects: 0.148100 ms CreateObjectMapping: 0.060500 ms MarkObjects: 1.562300 ms  DeleteObjects: 0.099000 ms)

========================================================================
Received Prepare
Registering precompiled user dll's ...
Registered in 0.002804 seconds.
Begin MonoManager ReloadAssembly
Native extension for WindowsStandalone target not found
Native extension for WebGL target not found
Refreshing native plugins compatible for Editor in 0.37 ms, found 3 plugins.
Preloading 0 native plugins for Editor in 0.00 ms.
Mono: successfully reloaded assembly
- Completed reload, in  0.805 seconds
Platform modules already initialized, skipping
Refreshing native plugins compatible for Editor in 0.57 ms, found 3 plugins.
Preloading 0 native plugins for Editor in 0.00 ms.
Unloading 2089 Unused Serialized files (Serialized files now loaded: 0)
System memory in use before: 116.1 MB.
System memory in use after: 116.1 MB.

Unloading 21 unused Assets to reduce memory usage. Loaded Objects now: 2655.
Total: 1.796400 ms (FindLiveObjects: 0.147500 ms CreateObjectMapping: 0.062300 ms MarkObjects: 1.485000 ms  DeleteObjects: 0.100800 ms)

========================================================================
Received Prepare
Registering precompiled user dll's ...
Registered in 0.002721 seconds.
Begin MonoManager ReloadAssembly
Native extension for WindowsStandalone target not found
Native extension for WebGL target not found
Refreshing native plugins compatible for Editor in 0.36 ms, found 3 plugins.
Preloading 0 native plugins for Editor in 0.00 ms.
Mono: successfully reloaded assembly
- Completed reload, in  0.800 seconds
Platform modules already initialized, skipping
Refreshing native plugins compatible for Editor in 0.42 ms, found 3 plugins.
Preloading 0 native plugins for Editor in 0.00 ms.
Unloading 2089 Unused Serialized files (Serialized files now loaded: 0)
System memory in use before: 116.2 MB.
System memory in use after: 116.1 MB.

Unloading 21 unused Assets to reduce memory usage. Loaded Objects now: 2659.
Total: 1.825000 ms (FindLiveObjects: 0.149400 ms CreateObjectMapping: 0.059600 ms MarkObjects: 1.516100 ms  DeleteObjects: 0.099200 ms)

========================================================================
Received Prepare
Registering precompiled user dll's ...
Registered in 0.002611 seconds.
Begin MonoManager ReloadAssembly
Native extension for WindowsStandalone target not found
Native extension for WebGL target not found
Refreshing native plugins compatible for Editor in 0.44 ms, found 3 plugins.
Preloading 0 native plugins for Editor in 0.00 ms.
Mono: successfully reloaded assembly
- Completed reload, in  0.788 seconds
Platform modules already initialized, skipping
Refreshing native plugins compatible for Editor in 0.39 ms, found 3 plugins.
Preloading 0 native plugins for Editor in 0.00 ms.
Unloading 2089 Unused Serialized files (Serialized files now loaded: 0)
System memory in use before: 116.2 MB.
System memory in use after: 116.1 MB.

Unloading 21 unused Assets to reduce memory usage. Loaded Objects now: 2663.
Total: 1.945900 ms (FindLiveObjects: 0.146300 ms CreateObjectMapping: 0.059800 ms MarkObjects: 1.639300 ms  DeleteObjects: 0.099800 ms)

========================================================================
Received Prepare
Registering precompiled user dll's ...
Registered in 0.002604 seconds.
Begin MonoManager ReloadAssembly
Native extension for WindowsStandalone target not found
Native extension for WebGL target not found
Refreshing native plugins compatible for Editor in 0.36 ms, found 3 plugins.
Preloading 0 native plugins for Editor in 0.00 ms.
Mono: successfully reloaded assembly
- Completed reload, in  0.798 seconds
Platform modules already initialized, skipping
Refreshing native plugins compatible for Editor in 0.40 ms, found 3 plugins.
Preloading 0 native plugins for Editor in 0.00 ms.
Unloading 2089 Unused Serialized files (Serialized files now loaded: 0)
System memory in use before: 116.2 MB.
System memory in use after: 116.2 MB.

Unloading 21 unused Assets to reduce memory usage. Loaded Objects now: 2667.
Total: 1.913400 ms (FindLiveObjects: 0.150800 ms CreateObjectMapping: 0.063400 ms MarkObjects: 1.562000 ms  DeleteObjects: 0.136400 ms)

========================================================================
Received Prepare
Registering precompiled user dll's ...
Registered in 0.002551 seconds.
Begin MonoManager ReloadAssembly
Native extension for WindowsStandalone target not found
Native extension for WebGL target not found
Refreshing native plugins compatible for Editor in 0.36 ms, found 3 plugins.
Preloading 0 native plugins for Editor in 0.00 ms.
Mono: successfully reloaded assembly
- Completed reload, in  0.794 seconds
Platform modules already initialized, skipping
Refreshing native plugins compatible for Editor in 0.36 ms, found 3 plugins.
Preloading 0 native plugins for Editor in 0.00 ms.
Unloading 2089 Unused Serialized files (Serialized files now loaded: 0)
System memory in use before: 116.2 MB.
System memory in use after: 116.2 MB.

Unloading 21 unused Assets to reduce memory usage. Loaded Objects now: 2671.
Total: 1.836200 ms (FindLiveObjects: 0.153800 ms CreateObjectMapping: 0.073900 ms MarkObjects: 1.507600 ms  DeleteObjects: 0.100100 ms)

========================================================================
Received Prepare
Registering precompiled user dll's ...
Registered in 0.002674 seconds.
Begin MonoManager ReloadAssembly
Native extension for WindowsStandalone target not found
Native extension for WebGL target not found
Refreshing native plugins compatible for Editor in 0.37 ms, found 3 plugins.
Preloading 0 native plugins for Editor in 0.00 ms.
Mono: successfully reloaded assembly
- Completed reload, in  0.800 seconds
Platform modules already initialized, skipping
Refreshing native plugins compatible for Editor in 0.36 ms, found 3 plugins.
Preloading 0 native plugins for Editor in 0.00 ms.
Unloading 2089 Unused Serialized files (Serialized files now loaded: 0)
System memory in use before: 116.2 MB.
System memory in use after: 116.2 MB.

Unloading 21 unused Assets to reduce memory usage. Loaded Objects now: 2675.
Total: 1.783000 ms (FindLiveObjects: 0.158100 ms CreateObjectMapping: 0.065400 ms MarkObjects: 1.458700 ms  DeleteObjects: 0.100000 ms)

========================================================================
Received Prepare
Registering precompiled user dll's ...
Registered in 0.002602 seconds.
Begin MonoManager ReloadAssembly
Native extension for WindowsStandalone target not found
Native extension for WebGL target not found
Refreshing native plugins compatible for Editor in 0.36 ms, found 3 plugins.
Preloading 0 native plugins for Editor in 0.00 ms.
Mono: successfully reloaded assembly
- Completed reload, in  0.812 seconds
Platform modules already initialized, skipping
Refreshing native plugins compatible for Editor in 0.39 ms, found 3 plugins.
Preloading 0 native plugins for Editor in 0.00 ms.
Unloading 2089 Unused Serialized files (Serialized files now loaded: 0)
System memory in use before: 116.2 MB.
System memory in use after: 116.2 MB.

Unloading 21 unused Assets to reduce memory usage. Loaded Objects now: 2679.
Total: 1.769700 ms (FindLiveObjects: 0.145300 ms CreateObjectMapping: 0.057000 ms MarkObjects: 1.467300 ms  DeleteObjects: 0.099400 ms)

========================================================================
Received Prepare
Registering precompiled user dll's ...
Registered in 0.002593 seconds.
Begin MonoManager ReloadAssembly
Native extension for WindowsStandalone target not found
Native extension for WebGL target not found
Refreshing native plugins compatible for Editor in 0.37 ms, found 3 plugins.
Preloading 0 native plugins for Editor in 0.00 ms.
Mono: successfully reloaded assembly
- Completed reload, in  0.813 seconds
Platform modules already initialized, skipping
Refreshing native plugins compatible for Editor in 0.39 ms, found 3 plugins.
Preloading 0 native plugins for Editor in 0.00 ms.
Unloading 2089 Unused Serialized files (Serialized files now loaded: 0)
System memory in use before: 116.2 MB.
System memory in use after: 116.2 MB.

Unloading 21 unused Assets to reduce memory usage. Loaded Objects now: 2683.
Total: 1.834800 ms (FindLiveObjects: 0.138700 ms CreateObjectMapping: 0.054300 ms MarkObjects: 1.541600 ms  DeleteObjects: 0.099200 ms)

========================================================================
Received Prepare
Registering precompiled user dll's ...
Registered in 0.002792 seconds.
Begin MonoManager ReloadAssembly
Native extension for WindowsStandalone target not found
Native extension for WebGL target not found
Refreshing native plugins compatible for Editor in 0.36 ms, found 3 plugins.
Preloading 0 native plugins for Editor in 0.00 ms.
Mono: successfully reloaded assembly
- Completed reload, in  0.809 seconds
Platform modules already initialized, skipping
Refreshing native plugins compatible for Editor in 0.37 ms, found 3 plugins.
Preloading 0 native plugins for Editor in 0.00 ms.
Unloading 2089 Unused Serialized files (Serialized files now loaded: 0)
System memory in use before: 116.2 MB.
System memory in use after: 116.2 MB.

Unloading 21 unused Assets to reduce memory usage. Loaded Objects now: 2687.
Total: 2.131900 ms (FindLiveObjects: 0.157600 ms CreateObjectMapping: 0.067200 ms MarkObjects: 1.784100 ms  DeleteObjects: 0.122200 ms)

========================================================================
Received Prepare
Registering precompiled user dll's ...
Registered in 0.002712 seconds.
Begin MonoManager ReloadAssembly
Native extension for WindowsStandalone target not found
Native extension for WebGL target not found
Refreshing native plugins compatible for Editor in 0.41 ms, found 3 plugins.
Preloading 0 native plugins for Editor in 0.00 ms.
Mono: successfully reloaded assembly
- Completed reload, in  0.960 seconds
Platform modules already initialized, skipping
Refreshing native plugins compatible for Editor in 0.36 ms, found 3 plugins.
Preloading 0 native plugins for Editor in 0.00 ms.
Unloading 2089 Unused Serialized files (Serialized files now loaded: 0)
System memory in use before: 116.2 MB.
System memory in use after: 116.2 MB.

Unloading 21 unused Assets to reduce memory usage. Loaded Objects now: 2691.
Total: 2.308400 ms (FindLiveObjects: 0.347900 ms CreateObjectMapping: 0.115000 ms MarkObjects: 1.718500 ms  DeleteObjects: 0.126100 ms)

========================================================================
Received Import Request.
  Time since last request: 120915.471467 seconds.
  path: Assets/Waves/Wave1.asset
  artifactKey: Guid(6ff83832a1f95af44bd36eac504618d8) Importer(815301076,1909f56bfc062723c751e8b465ee728b)
Start importing Assets/Waves/Wave1.asset using Guid(6ff83832a1f95af44bd36eac504618d8) Importer(815301076,1909f56bfc062723c751e8b465ee728b)  -> (artifact id: '8f04076ddfa1ba4b8c3b4f4629c44aa8') in 0.322166 seconds
  Import took 0.413750 seconds .

========================================================================
Received Prepare
Registering precompiled user dll's ...
Registered in 0.415335 seconds.
Begin MonoManager ReloadAssembly
Native extension for WindowsStandalone target not found
Native extension for WebGL target not found
Refreshing native plugins compatible for Editor in 0.39 ms, found 3 plugins.
Preloading 0 native plugins for Editor in 0.00 ms.
Mono: successfully reloaded assembly
- Completed reload, in  1.066 seconds
Platform modules already initialized, skipping
Refreshing native plugins compatible for Editor in 0.38 ms, found 3 plugins.
Preloading 0 native plugins for Editor in 0.00 ms.
Unloading 2089 Unused Serialized files (Serialized files now loaded: 0)
System memory in use before: 116.2 MB.
System memory in use after: 116.2 MB.

Unloading 21 unused Assets to reduce memory usage. Loaded Objects now: 2695.
Total: 2.071400 ms (FindLiveObjects: 0.161800 ms CreateObjectMapping: 0.062200 ms MarkObjects: 1.728700 ms  DeleteObjects: 0.118000 ms)

========================================================================
Received Import Request.
  Time since last request: 10979.401364 seconds.
  path: Assets/Prefab/basic enmy.prefab
  artifactKey: Guid(64fbb761fd488f14c84761da04193544) Importer(815301076,1909f56bfc062723c751e8b465ee728b)
Start importing Assets/Prefab/basic enmy.prefab using Guid(64fbb761fd488f14c84761da04193544) Importer(815301076,1909f56bfc062723c751e8b465ee728b)  -> (artifact id: '1515c5cfed3617bc250c19e22a228d8d') in 0.160550 seconds
  Import took 0.172013 seconds .

========================================================================
Received Import Request.
  Time since last request: 0.000213 seconds.
  path: Assets/Prefab/big boi.prefab
  artifactKey: Guid(9a031a0b98b796043b6c0a57c752e92f) Importer(815301076,1909f56bfc062723c751e8b465ee728b)
Start importing Assets/Prefab/big boi.prefab using Guid(9a031a0b98b796043b6c0a57c752e92f) Importer(815301076,1909f56bfc062723c751e8b465ee728b)  -> (artifact id: 'fc2abac41f17411163c8b002182cdbd2') in 0.159616 seconds
  Import took 0.174041 seconds .

========================================================================
Received Import Request.
  Time since last request: 0.000220 seconds.
  path: Assets/Prefab/quick strike enmy.prefab
  artifactKey: Guid(11c699d3654ce8c4faca4fe1f7577210) Importer(815301076,1909f56bfc062723c751e8b465ee728b)
Start importing Assets/Prefab/quick strike enmy.prefab using Guid(11c699d3654ce8c4faca4fe1f7577210) Importer(815301076,1909f56bfc062723c751e8b465ee728b)  -> (artifact id: 'b037692d8e71aaa9cccdd14d9590987b') in 0.110536 seconds
  Import took 0.126392 seconds .

========================================================================
Received Prepare
Registering precompiled user dll's ...
Registered in 0.003025 seconds.
Begin MonoManager ReloadAssembly
Native extension for WindowsStandalone target not found
Native extension for WebGL target not found
Refreshing native plugins compatible for Editor in 0.35 ms, found 3 plugins.
Preloading 0 native plugins for Editor in 0.00 ms.
Mono: successfully reloaded assembly
- Completed reload, in  0.812 seconds
Platform modules already initialized, skipping
Refreshing native plugins compatible for Editor in 0.40 ms, found 3 plugins.
Preloading 0 native plugins for Editor in 0.00 ms.
Unloading 2089 Unused Serialized files (Serialized files now loaded: 0)
System memory in use before: 116.2 MB.
System memory in use after: 116.2 MB.

Unloading 21 unused Assets to reduce memory usage. Loaded Objects now: 2700.
Total: 1.911000 ms (FindLiveObjects: 0.152200 ms CreateObjectMapping: 0.059500 ms MarkObjects: 1.593700 ms  DeleteObjects: 0.105000 ms)

========================================================================
Received Prepare
Registering precompiled user dll's ...
Registered in 0.002644 seconds.
Begin MonoManager ReloadAssembly
Native extension for WindowsStandalone target not found
Native extension for WebGL target not found
Refreshing native plugins compatible for Editor in 0.37 ms, found 3 plugins.
Preloading 0 native plugins for Editor in 0.00 ms.
Mono: successfully reloaded assembly
- Completed reload, in  0.803 seconds
Platform modules already initialized, skipping
Refreshing native plugins compatible for Editor in 0.37 ms, found 3 plugins.
Preloading 0 native plugins for Editor in 0.00 ms.
Unloading 2089 Unused Serialized files (Serialized files now loaded: 0)
System memory in use before: 116.3 MB.
System memory in use after: 116.2 MB.

Unloading 21 unused Assets to reduce memory usage. Loaded Objects now: 2704.
Total: 1.993800 ms (FindLiveObjects: 0.153000 ms CreateObjectMapping: 0.063000 ms MarkObjects: 1.672000 ms  DeleteObjects: 0.105000 ms)

========================================================================
Received Prepare
Registering precompiled user dll's ...
Registered in 0.002904 seconds.
Begin MonoManager ReloadAssembly
Native extension for WindowsStandalone target not found
Native extension for WebGL target not found
Refreshing native plugins compatible for Editor in 0.36 ms, found 3 plugins.
Preloading 0 native plugins for Editor in 0.00 ms.
Mono: successfully reloaded assembly
- Completed reload, in  0.790 seconds
Platform modules already initialized, skipping
Refreshing native plugins compatible for Editor in 0.39 ms, found 3 plugins.
Preloading 0 native plugins for Editor in 0.00 ms.
Unloading 2089 Unused Serialized files (Serialized files now loaded: 0)
System memory in use before: 116.4 MB.
System memory in use after: 116.3 MB.

Unloading 21 unused Assets to reduce memory usage. Loaded Objects now: 2708.
Total: 2.013800 ms (FindLiveObjects: 0.167900 ms CreateObjectMapping: 0.065500 ms MarkObjects: 1.680300 ms  DeleteObjects: 0.099300 ms)

========================================================================
Received Prepare
Registering precompiled user dll's ...
Registered in 0.002573 seconds.
Begin MonoManager ReloadAssembly
Native extension for WindowsStandalone target not found
Native extension for WebGL target not found
Refreshing native plugins compatible for Editor in 0.36 ms, found 3 plugins.
Preloading 0 native plugins for Editor in 0.00 ms.
Mono: successfully reloaded assembly
- Completed reload, in  0.810 seconds
Platform modules already initialized, skipping
Refreshing native plugins compatible for Editor in 0.37 ms, found 3 plugins.
Preloading 0 native plugins for Editor in 0.00 ms.
Unloading 2089 Unused Serialized files (Serialized files now loaded: 0)
System memory in use before: 116.4 MB.
System memory in use after: 116.4 MB.

Unloading 21 unused Assets to reduce memory usage. Loaded Objects now: 2712.
Total: 1.941600 ms (FindLiveObjects: 0.180800 ms CreateObjectMapping: 0.070800 ms MarkObjects: 1.589700 ms  DeleteObjects: 0.099600 ms)

========================================================================
Received Prepare
Registering precompiled user dll's ...
Registered in 0.003042 seconds.
Begin MonoManager ReloadAssembly
Native extension for WindowsStandalone target not found
Native extension for WebGL target not found
Refreshing native plugins compatible for Editor in 0.40 ms, found 3 plugins.
Preloading 0 native plugins for Editor in 0.00 ms.
Mono: successfully reloaded assembly
- Completed reload, in  0.923 seconds
Platform modules already initialized, skipping
Refreshing native plugins compatible for Editor in 0.45 ms, found 3 plugins.
Preloading 0 native plugins for Editor in 0.00 ms.
Unloading 2089 Unused Serialized files (Serialized files now loaded: 0)
System memory in use before: 116.4 MB.
System memory in use after: 116.5 MB.

Unloading 21 unused Assets to reduce memory usage. Loaded Objects now: 2716.
Total: 2.327900 ms (FindLiveObjects: 0.227000 ms CreateObjectMapping: 0.088300 ms MarkObjects: 1.829100 ms  DeleteObjects: 0.173000 ms)

========================================================================
Received Prepare
Registering precompiled user dll's ...
Registered in 0.002617 seconds.
Begin MonoManager ReloadAssembly
Native extension for WindowsStandalone target not found
Native extension for WebGL target not found
Refreshing native plugins compatible for Editor in 0.37 ms, found 3 plugins.
Preloading 0 native plugins for Editor in 0.00 ms.
Mono: successfully reloaded assembly
- Completed reload, in  0.810 seconds
Platform modules already initialized, skipping
Refreshing native plugins compatible for Editor in 0.36 ms, found 3 plugins.
Preloading 0 native plugins for Editor in 0.00 ms.
Unloading 2089 Unused Serialized files (Serialized files now loaded: 0)
System memory in use before: 116.4 MB.
System memory in use after: 116.5 MB.

Unloading 21 unused Assets to reduce memory usage. Loaded Objects now: 2720.
Total: 2.025800 ms (FindLiveObjects: 0.178500 ms CreateObjectMapping: 0.075600 ms MarkObjects: 1.670700 ms  DeleteObjects: 0.100200 ms)

========================================================================
Received Prepare
Registering precompiled user dll's ...
Registered in 0.002793 seconds.
Begin MonoManager ReloadAssembly
Native extension for WindowsStandalone target not found
Native extension for WebGL target not found
Refreshing native plugins compatible for Editor in 0.37 ms, found 3 plugins.
Preloading 0 native plugins for Editor in 0.00 ms.
Mono: successfully reloaded assembly
- Completed reload, in  0.797 seconds
Platform modules already initialized, skipping
Refreshing native plugins compatible for Editor in 0.40 ms, found 3 plugins.
Preloading 0 native plugins for Editor in 0.00 ms.
Unloading 2089 Unused Serialized files (Serialized files now loaded: 0)
System memory in use before: 116.4 MB.
System memory in use after: 116.5 MB.

Unloading 21 unused Assets to reduce memory usage. Loaded Objects now: 2724.
Total: 1.938800 ms (FindLiveObjects: 0.185900 ms CreateObjectMapping: 0.072000 ms MarkObjects: 1.573000 ms  DeleteObjects: 0.107000 ms)

========================================================================
Received Prepare
Registering precompiled user dll's ...
Registered in 0.003176 seconds.
Begin MonoManager ReloadAssembly
Native extension for WindowsStandalone target not found
Native extension for WebGL target not found
Refreshing native plugins compatible for Editor in 0.54 ms, found 3 plugins.
Preloading 0 native plugins for Editor in 0.00 ms.
Mono: successfully reloaded assembly
- Completed reload, in  0.832 seconds
Platform modules already initialized, skipping
Refreshing native plugins compatible for Editor in 0.36 ms, found 3 plugins.
Preloading 0 native plugins for Editor in 0.00 ms.
Unloading 2089 Unused Serialized files (Serialized files now loaded: 0)
System memory in use before: 116.4 MB.
System memory in use after: 116.5 MB.

Unloading 21 unused Assets to reduce memory usage. Loaded Objects now: 2728.
Total: 1.903000 ms (FindLiveObjects: 0.171300 ms CreateObjectMapping: 0.066900 ms MarkObjects: 1.566400 ms  DeleteObjects: 0.097700 ms)

========================================================================
Received Prepare
Registering precompiled user dll's ...
Registered in 0.002688 seconds.
Begin MonoManager ReloadAssembly
Native extension for WindowsStandalone target not found
Native extension for WebGL target not found
Refreshing native plugins compatible for Editor in 0.37 ms, found 3 plugins.
Preloading 0 native plugins for Editor in 0.00 ms.
Mono: successfully reloaded assembly
- Completed reload, in  0.801 seconds
Platform modules already initialized, skipping
Refreshing native plugins compatible for Editor in 0.40 ms, found 3 plugins.
Preloading 0 native plugins for Editor in 0.00 ms.
Unloading 2089 Unused Serialized files (Serialized files now loaded: 0)
System memory in use before: 116.4 MB.
System memory in use after: 116.5 MB.

Unloading 21 unused Assets to reduce memory usage. Loaded Objects now: 2732.
Total: 1.899900 ms (FindLiveObjects: 0.174600 ms CreateObjectMapping: 0.069300 ms MarkObjects: 1.555700 ms  DeleteObjects: 0.099400 ms)

========================================================================
Received Prepare
Registering precompiled user dll's ...
Registered in 0.002672 seconds.
Begin MonoManager ReloadAssembly
Native extension for WindowsStandalone target not found
Native extension for WebGL target not found
Refreshing native plugins compatible for Editor in 0.36 ms, found 3 plugins.
Preloading 0 native plugins for Editor in 0.00 ms.
Mono: successfully reloaded assembly
- Completed reload, in  0.790 seconds
Platform modules already initialized, skipping
Refreshing native plugins compatible for Editor in 0.37 ms, found 3 plugins.
Preloading 0 native plugins for Editor in 0.00 ms.
Unloading 2089 Unused Serialized files (Serialized files now loaded: 0)
System memory in use before: 116.4 MB.
System memory in use after: 116.5 MB.

Unloading 21 unused Assets to reduce memory usage. Loaded Objects now: 2736.
Total: 2.276000 ms (FindLiveObjects: 0.184100 ms CreateObjectMapping: 0.075600 ms MarkObjects: 1.863700 ms  DeleteObjects: 0.151500 ms)

========================================================================
Received Prepare
Registering precompiled user dll's ...
Registered in 0.002700 seconds.
Begin MonoManager ReloadAssembly
Native extension for WindowsStandalone target not found
Native extension for WebGL target not found
Refreshing native plugins compatible for Editor in 0.39 ms, found 3 plugins.
Preloading 0 native plugins for Editor in 0.00 ms.
Mono: successfully reloaded assembly
- Completed reload, in  0.815 seconds
Platform modules already initialized, skipping
Refreshing native plugins compatible for Editor in 0.36 ms, found 3 plugins.
Preloading 0 native plugins for Editor in 0.00 ms.
Unloading 2089 Unused Serialized files (Serialized files now loaded: 0)
System memory in use before: 116.4 MB.
System memory in use after: 116.5 MB.

Unloading 21 unused Assets to reduce memory usage. Loaded Objects now: 2740.
Total: 1.987100 ms (FindLiveObjects: 0.189500 ms CreateObjectMapping: 0.084500 ms MarkObjects: 1.608300 ms  DeleteObjects: 0.104000 ms)

========================================================================
Received Prepare
Registering precompiled user dll's ...
Registered in 0.002649 seconds.
Begin MonoManager ReloadAssembly
Native extension for WindowsStandalone target not found
Native extension for WebGL target not found
Refreshing native plugins compatible for Editor in 0.50 ms, found 3 plugins.
Preloading 0 native plugins for Editor in 0.00 ms.
Mono: successfully reloaded assembly
- Completed reload, in  0.803 seconds
Platform modules already initialized, skipping
Refreshing native plugins compatible for Editor in 0.35 ms, found 3 plugins.
Preloading 0 native plugins for Editor in 0.00 ms.
Unloading 2089 Unused Serialized files (Serialized files now loaded: 0)
System memory in use before: 116.4 MB.
System memory in use after: 116.5 MB.

Unloading 21 unused Assets to reduce memory usage. Loaded Objects now: 2744.
Total: 1.998700 ms (FindLiveObjects: 0.165800 ms CreateObjectMapping: 0.066800 ms MarkObjects: 1.662700 ms  DeleteObjects: 0.102700 ms)

========================================================================
Received Prepare
Registering precompiled user dll's ...
Registered in 0.494681 seconds.
Begin MonoManager ReloadAssembly
Native extension for WindowsStandalone target not found
Native extension for WebGL target not found
Refreshing native plugins compatible for Editor in 0.40 ms, found 3 plugins.
Preloading 0 native plugins for Editor in 0.00 ms.
Mono: successfully reloaded assembly
- Completed reload, in  1.836 seconds
Platform modules already initialized, skipping
Refreshing native plugins compatible for Editor in 0.37 ms, found 3 plugins.
Preloading 0 native plugins for Editor in 0.00 ms.
Unloading 2089 Unused Serialized files (Serialized files now loaded: 0)
System memory in use before: 116.5 MB.
System memory in use after: 116.5 MB.

Unloading 21 unused Assets to reduce memory usage. Loaded Objects now: 2748.
Total: 2.142300 ms (FindLiveObjects: 0.179500 ms CreateObjectMapping: 0.075700 ms MarkObjects: 1.765500 ms  DeleteObjects: 0.120900 ms)

========================================================================
Received Import Request.
  Time since last request: 165538.932527 seconds.
  path: Assets/Art/background temp.png
  artifactKey: Guid(2e6ced047c0cbbe42bc9d958e305078e) Importer(815301076,1909f56bfc062723c751e8b465ee728b)
Start importing Assets/Art/background temp.png using Guid(2e6ced047c0cbbe42bc9d958e305078e) Importer(815301076,1909f56bfc062723c751e8b465ee728b)  -> (artifact id: 'e8748456919886b16ef8d98ad17a8457') in 1.154537 seconds
  Import took 1.157622 seconds .

========================================================================
Received Prepare
Registering precompiled user dll's ...
Registered in 0.002783 seconds.
Begin MonoManager ReloadAssembly
Native extension for WindowsStandalone target not found
Native extension for WebGL target not found
Refreshing native plugins compatible for Editor in 0.36 ms, found 3 plugins.
Preloading 0 native plugins for Editor in 0.00 ms.
Mono: successfully reloaded assembly
- Completed reload, in  0.903 seconds
Platform modules already initialized, skipping
Refreshing native plugins compatible for Editor in 0.39 ms, found 3 plugins.
Preloading 0 native plugins for Editor in 0.00 ms.
Unloading 2089 Unused Serialized files (Serialized files now loaded: 0)
System memory in use before: 116.5 MB.
System memory in use after: 116.5 MB.

Unloading 21 unused Assets to reduce memory usage. Loaded Objects now: 2756.
Total: 1.875800 ms (FindLiveObjects: 0.171900 ms CreateObjectMapping: 0.074600 ms MarkObjects: 1.530400 ms  DeleteObjects: 0.098000 ms)

========================================================================
Received Import Request.
  Time since last request: 229.311076 seconds.
  path: Assets/Art/background temp 1.png
  artifactKey: Guid(375d4705f217db046837edf1108de38a) Importer(815301076,1909f56bfc062723c751e8b465ee728b)
Start importing Assets/Art/background temp 1.png using Guid(375d4705f217db046837edf1108de38a) Importer(815301076,1909f56bfc062723c751e8b465ee728b)  -> (artifact id: '186334ad5af1fb29a850ca32ea718172') in 0.084214 seconds
  Import took 0.087629 seconds .

